Using pre-set license
Built from '2020.3/staging' branch; Version is '2020.3.4f1 (0abb6314276a) revision 703331'; Using compiler version '192528614'; Build Type 'Release'
OS: 'Windows 10 Pro; OS build 19041.1110; Version 2004; 64bit' Language: 'ru' Physical Memory: 16333 MB
BatchMode: 1, IsHumanControllingUs: 0, StartBugReporterOnCrash: 0, Is64bit: 1, IsPro: 0

 COMMAND LINE ARGUMENTS:
K:\Unity\2020.3.4f1\Editor\Unity.exe
-adb2
-batchMode
-noUpm
-name
AssetImportWorker0
-projectPath
K:/Unity/GPLevel1
-logFile
Logs/AssetImportWorker0.log
-srvPort
60371
Successfully changed project path to: K:/Unity/GPLevel1
K:/Unity/GPLevel1
Using Asset Import Pipeline V2.
Refreshing native plugins compatible for Editor in 34.49 ms, found 0 plugins.
Preloading 0 native plugins for Editor in 0.00 ms.
Initialize engine version: 2020.3.4f1 (0abb6314276a)
[Subsystems] Discovering subsystems at path K:/Unity/2020.3.4f1/Editor/Data/Resources/UnitySubsystems
[Subsystems] Discovering subsystems at path K:/Unity/GPLevel1/Assets
GfxDevice: creating device client; threaded=0
Direct3D:
    Version:  Direct3D 11.0 [level 11.1]
    Renderer: NVIDIA GeForce GTX 1660 SUPER (ID=0x21c4)
    Vendor:   
    VRAM:     5991 MB
    Driver:   27.21.14.6192
Initialize mono
Mono path[0] = 'K:/Unity/2020.3.4f1/Editor/Data/Managed'
Mono path[1] = 'K:/Unity/2020.3.4f1/Editor/Data/MonoBleedingEdge/lib/mono/unityjit'
Mono config path = 'K:/Unity/2020.3.4f1/Editor/Data/MonoBleedingEdge/etc'
Using monoOptions --debugger-agent=transport=dt_socket,embedding=1,server=y,suspend=n,address=127.0.0.1:56324
Begin MonoManager ReloadAssembly
Registering precompiled unity dll's ...
Register platform support module: K:/Unity/2020.3.4f1/Editor/Data/PlaybackEngines/WindowsStandaloneSupport/UnityEditor.WindowsStandalone.Extensions.dll
Registered in 0.000878 seconds.
Native extension for WindowsStandalone target not found
Refreshing native plugins compatible for Editor in 33.13 ms, found 0 plugins.
Preloading 0 native plugins for Editor in 0.00 ms.
Mono: successfully reloaded assembly
- Completed reload, in  0.663 seconds
Platform modules already initialized, skipping
Registering precompiled user dll's ...
Registered in 0.001042 seconds.
Begin MonoManager ReloadAssembly
Native extension for WindowsStandalone target not found
Refreshing native plugins compatible for Editor in 0.50 ms, found 0 plugins.
Preloading 0 native plugins for Editor in 0.00 ms.
Mono: successfully reloaded assembly
- Completed reload, in  0.702 seconds
Platform modules already initialized, skipping
========================================================================
Worker process is ready to serve import requests
Launched and connected shader compiler UnityShaderCompiler.exe after 0.12 seconds
Refreshing native plugins compatible for Editor in 0.55 ms, found 0 plugins.
Preloading 0 native plugins for Editor in 0.00 ms.
Unloading 1704 Unused Serialized files (Serialized files now loaded: 0)
System memory in use before: 152.4 MB.
System memory in use after: 152.4 MB.

Unloading 35 unused Assets to reduce memory usage. Loaded Objects now: 2139.
Total: 2.039500 ms (FindLiveObjects: 0.267300 ms CreateObjectMapping: 0.051500 ms MarkObjects: 1.624800 ms  DeleteObjects: 0.094600 ms)

========================================================================
Received Import Request.
  path: Assets/Scenes/Level1.unity
  artifactKey: Guid(42c5d08d5cee1ff42b206b2578b932b1) Importer(815301076,1909f56bfc062723c751e8b465ee728b)
Start importing Assets/Scenes/Level1.unity using Guid(42c5d08d5cee1ff42b206b2578b932b1) Importer(815301076,1909f56bfc062723c751e8b465ee728b)  -> (artifact id: '822861f6b3dcc94eb9f85a6ca4af5dd2') in 0.087167 seconds
  Import took 0.123441 seconds .

========================================================================
Received Import Request.
  Time since last request: 12.955425 seconds.
  path: Assets/Scenes/Main.unity
  artifactKey: Guid(c1b9e6f2deeb6bc4da2edacf6a538c1b) Importer(815301076,1909f56bfc062723c751e8b465ee728b)
Start importing Assets/Scenes/Main.unity using Guid(c1b9e6f2deeb6bc4da2edacf6a538c1b) Importer(815301076,1909f56bfc062723c751e8b465ee728b)  -> (artifact id: 'c8b9402906d3ea6f0890db276a8076f3') in 0.004886 seconds
  Import took 0.024036 seconds .

========================================================================
Received Import Request.
  Time since last request: 10.396024 seconds.
  path: Assets/Scenes/Menu.unity
  artifactKey: Guid(c1b9e6f2deeb6bc4da2edacf6a538c1b) Importer(815301076,1909f56bfc062723c751e8b465ee728b)
Start importing Assets/Scenes/Menu.unity using Guid(c1b9e6f2deeb6bc4da2edacf6a538c1b) Importer(815301076,1909f56bfc062723c751e8b465ee728b)  -> (artifact id: 'e66516e1d1655ce6b998d7dd506b1943') in 0.004948 seconds
  Import took 0.017955 seconds .

========================================================================
Received Import Request.
  Time since last request: 1098.945506 seconds.
  path: Assets/Scenes/Menu.unity
  artifactKey: Guid(c1b9e6f2deeb6bc4da2edacf6a538c1b) Importer(815301076,1909f56bfc062723c751e8b465ee728b)
Start importing Assets/Scenes/Menu.unity using Guid(c1b9e6f2deeb6bc4da2edacf6a538c1b) Importer(815301076,1909f56bfc062723c751e8b465ee728b)  -> (artifact id: '66bf1dc95b7e63a2f21870ab032450e9') in 0.001913 seconds
  Import took 0.033696 seconds .

========================================================================
Received Import Request.
  Time since last request: 7.932297 seconds.
  path: Assets/Scenes/Background.png
  artifactKey: Guid(a079cc1e624d9a6488bb4e4cad8a7c81) Importer(815301076,1909f56bfc062723c751e8b465ee728b)
Start importing Assets/Scenes/Background.png using Guid(a079cc1e624d9a6488bb4e4cad8a7c81) Importer(815301076,1909f56bfc062723c751e8b465ee728b)  -> (artifact id: '89d0b1dd812b3540370051c87b4e0f43') in 0.139260 seconds
  Import took 0.166418 seconds .

========================================================================
Received Import Request.
  Time since last request: 21.825015 seconds.
  path: Assets/Scenes/Background.png
  artifactKey: Guid(a079cc1e624d9a6488bb4e4cad8a7c81) Importer(815301076,1909f56bfc062723c751e8b465ee728b)
Start importing Assets/Scenes/Background.png using Guid(a079cc1e624d9a6488bb4e4cad8a7c81) Importer(815301076,1909f56bfc062723c751e8b465ee728b)  -> (artifact id: 'e14a04d551147c461e29a9679ff59aed') in 0.069141 seconds
  Import took 0.079251 seconds .

========================================================================
Received Prepare
Registering precompiled user dll's ...
Registered in 0.001153 seconds.
Begin MonoManager ReloadAssembly
Native extension for WindowsStandalone target not found
Refreshing native plugins compatible for Editor in 0.50 ms, found 0 plugins.
Preloading 0 native plugins for Editor in 0.00 ms.
Mono: successfully reloaded assembly
- Completed reload, in  0.635 seconds
Platform modules already initialized, skipping
Refreshing native plugins compatible for Editor in 0.50 ms, found 0 plugins.
Preloading 0 native plugins for Editor in 0.00 ms.
Unloading 1667 Unused Serialized files (Serialized files now loaded: 0)
System memory in use before: 152.3 MB.
System memory in use after: 152.4 MB.

Unloading 26 unused Assets to reduce memory usage. Loaded Objects now: 2149.
Total: 1.849200 ms (FindLiveObjects: 0.241200 ms CreateObjectMapping: 0.046500 ms MarkObjects: 1.501100 ms  DeleteObjects: 0.059000 ms)

========================================================================
Received Import Request.
  Time since last request: 2725.689615 seconds.
  path: Assets/Scripts/Intreface.cs
  artifactKey: Guid(3f507bea02e1d354583365915566eb2d) Importer(815301076,1909f56bfc062723c751e8b465ee728b)
Start importing Assets/Scripts/Intreface.cs using Guid(3f507bea02e1d354583365915566eb2d) Importer(815301076,1909f56bfc062723c751e8b465ee728b)  -> (artifact id: 'e887dec73947cfb61f2ffcb002fa20e2') in 0.012414 seconds
  Import took 0.015080 seconds .

========================================================================
Received Import Request.
  Time since last request: 0.008159 seconds.
  path: Assets/Scripts/Intreface.cs
  artifactKey: Guid(3f507bea02e1d354583365915566eb2d) Importer(815301076,1909f56bfc062723c751e8b465ee728b)
Start importing Assets/Scripts/Intreface.cs using Guid(3f507bea02e1d354583365915566eb2d) Importer(815301076,1909f56bfc062723c751e8b465ee728b)  -> (artifact id: 'e887dec73947cfb61f2ffcb002fa20e2') in 0.043402 seconds
  Import took 0.045679 seconds .

========================================================================
Received Prepare
Registering precompiled user dll's ...
Registered in 0.001146 seconds.
Begin MonoManager ReloadAssembly
Native extension for WindowsStandalone target not found
Refreshing native plugins compatible for Editor in 0.51 ms, found 0 plugins.
Preloading 0 native plugins for Editor in 0.00 ms.
Mono: successfully reloaded assembly
- Completed reload, in  0.645 seconds
Platform modules already initialized, skipping
Refreshing native plugins compatible for Editor in 0.50 ms, found 0 plugins.
Preloading 0 native plugins for Editor in 0.00 ms.
Unloading 1668 Unused Serialized files (Serialized files now loaded: 0)
System memory in use before: 152.4 MB.
System memory in use after: 152.5 MB.

Unloading 26 unused Assets to reduce memory usage. Loaded Objects now: 2153.
Total: 2.273800 ms (FindLiveObjects: 0.237000 ms CreateObjectMapping: 0.038600 ms MarkObjects: 1.930100 ms  DeleteObjects: 0.066200 ms)

========================================================================
Received Prepare
Registering precompiled user dll's ...
Registered in 0.001169 seconds.
Begin MonoManager ReloadAssembly
Native extension for WindowsStandalone target not found
Refreshing native plugins compatible for Editor in 0.62 ms, found 0 plugins.
Preloading 0 native plugins for Editor in 0.00 ms.
Mono: successfully reloaded assembly
- Completed reload, in  0.649 seconds
Platform modules already initialized, skipping
Refreshing native plugins compatible for Editor in 0.50 ms, found 0 plugins.
Preloading 0 native plugins for Editor in 0.00 ms.
Unloading 1668 Unused Serialized files (Serialized files now loaded: 0)
System memory in use before: 152.4 MB.
System memory in use after: 152.5 MB.

Unloading 26 unused Assets to reduce memory usage. Loaded Objects now: 2156.
Total: 1.785900 ms (FindLiveObjects: 0.238700 ms CreateObjectMapping: 0.040700 ms MarkObjects: 1.441500 ms  DeleteObjects: 0.064100 ms)

========================================================================
Received Prepare
Registering precompiled user dll's ...
Registered in 0.001136 seconds.
Begin MonoManager ReloadAssembly
Native extension for WindowsStandalone target not found
Refreshing native plugins compatible for Editor in 0.53 ms, found 0 plugins.
Preloading 0 native plugins for Editor in 0.00 ms.
Mono: successfully reloaded assembly
- Completed reload, in  0.636 seconds
Platform modules already initialized, skipping
Refreshing native plugins compatible for Editor in 0.53 ms, found 0 plugins.
Preloading 0 native plugins for Editor in 0.00 ms.
Unloading 1668 Unused Serialized files (Serialized files now loaded: 0)
System memory in use before: 152.4 MB.
System memory in use after: 152.5 MB.

Unloading 26 unused Assets to reduce memory usage. Loaded Objects now: 2159.
Total: 2.081200 ms (FindLiveObjects: 0.204400 ms CreateObjectMapping: 0.046500 ms MarkObjects: 1.760600 ms  DeleteObjects: 0.068600 ms)

========================================================================
Received Prepare
Registering precompiled user dll's ...
Registered in 0.001168 seconds.
Begin MonoManager ReloadAssembly
Native extension for WindowsStandalone target not found
Refreshing native plugins compatible for Editor in 0.55 ms, found 0 plugins.
Preloading 0 native plugins for Editor in 0.00 ms.
Mono: successfully reloaded assembly
- Completed reload, in  0.635 seconds
Platform modules already initialized, skipping
Refreshing native plugins compatible for Editor in 0.52 ms, found 0 plugins.
Preloading 0 native plugins for Editor in 0.00 ms.
Unloading 1668 Unused Serialized files (Serialized files now loaded: 0)
System memory in use before: 152.4 MB.
System memory in use after: 152.5 MB.

Unloading 26 unused Assets to reduce memory usage. Loaded Objects now: 2162.
Total: 1.943900 ms (FindLiveObjects: 0.224600 ms CreateObjectMapping: 0.035700 ms MarkObjects: 1.602400 ms  DeleteObjects: 0.080200 ms)

========================================================================
Received Prepare
Registering precompiled user dll's ...
Registered in 0.001333 seconds.
Begin MonoManager ReloadAssembly
Native extension for WindowsStandalone target not found
Refreshing native plugins compatible for Editor in 0.52 ms, found 0 plugins.
Preloading 0 native plugins for Editor in 0.00 ms.
Mono: successfully reloaded assembly
- Completed reload, in  0.615 seconds
Platform modules already initialized, skipping
Refreshing native plugins compatible for Editor in 0.50 ms, found 0 plugins.
Preloading 0 native plugins for Editor in 0.00 ms.
Unloading 1668 Unused Serialized files (Serialized files now loaded: 0)
System memory in use before: 152.4 MB.
System memory in use after: 152.5 MB.

Unloading 26 unused Assets to reduce memory usage. Loaded Objects now: 2165.
Total: 1.931600 ms (FindLiveObjects: 0.228900 ms CreateObjectMapping: 0.051700 ms MarkObjects: 1.584000 ms  DeleteObjects: 0.065300 ms)

========================================================================
Received Import Request.
  Time since last request: 1583.872098 seconds.
  path: Assets/Scenes/Menu.unity
  artifactKey: Guid(c1b9e6f2deeb6bc4da2edacf6a538c1b) Importer(815301076,1909f56bfc062723c751e8b465ee728b)
Start importing Assets/Scenes/Menu.unity using Guid(c1b9e6f2deeb6bc4da2edacf6a538c1b) Importer(815301076,1909f56bfc062723c751e8b465ee728b)  -> (artifact id: '4322b9d72ab7c120c8a4b0e05fbaf947') in 0.013444 seconds
  Import took 0.072682 seconds .

========================================================================
Received Prepare
Registering precompiled user dll's ...
Registered in 0.001242 seconds.
Begin MonoManager ReloadAssembly
Native extension for WindowsStandalone target not found
Refreshing native plugins compatible for Editor in 0.52 ms, found 0 plugins.
Preloading 0 native plugins for Editor in 0.00 ms.
Mono: successfully reloaded assembly
- Completed reload, in  0.621 seconds
Platform modules already initialized, skipping
Refreshing native plugins compatible for Editor in 0.52 ms, found 0 plugins.
Preloading 0 native plugins for Editor in 0.00 ms.
Unloading 1668 Unused Serialized files (Serialized files now loaded: 0)
System memory in use before: 152.5 MB.
System memory in use after: 152.5 MB.

Unloading 26 unused Assets to reduce memory usage. Loaded Objects now: 2168.
Total: 2.269800 ms (FindLiveObjects: 0.202400 ms CreateObjectMapping: 0.044000 ms MarkObjects: 1.958800 ms  DeleteObjects: 0.063700 ms)

========================================================================
Received Prepare
Registering precompiled user dll's ...
Registered in 0.001152 seconds.
Begin MonoManager ReloadAssembly
Native extension for WindowsStandalone target not found
Refreshing native plugins compatible for Editor in 0.51 ms, found 0 plugins.
Preloading 0 native plugins for Editor in 0.00 ms.
Mono: successfully reloaded assembly
- Completed reload, in  0.615 seconds
Platform modules already initialized, skipping
Refreshing native plugins compatible for Editor in 0.50 ms, found 0 plugins.
Preloading 0 native plugins for Editor in 0.00 ms.
Unloading 1668 Unused Serialized files (Serialized files now loaded: 0)
System memory in use before: 152.5 MB.
System memory in use after: 152.5 MB.

Unloading 26 unused Assets to reduce memory usage. Loaded Objects now: 2171.
Total: 1.716300 ms (FindLiveObjects: 0.184700 ms CreateObjectMapping: 0.037500 ms MarkObjects: 1.436900 ms  DeleteObjects: 0.056500 ms)

========================================================================
Received Import Request.
  Time since last request: 303.653795 seconds.
  path: Assets/Scenes/Menu.unity
  artifactKey: Guid(c1b9e6f2deeb6bc4da2edacf6a538c1b) Importer(815301076,1909f56bfc062723c751e8b465ee728b)
Start importing Assets/Scenes/Menu.unity using Guid(c1b9e6f2deeb6bc4da2edacf6a538c1b) Importer(815301076,1909f56bfc062723c751e8b465ee728b)  -> (artifact id: '7b71678bbcf82e8e460a6dd16e11ef5f') in 0.009272 seconds
  Import took 0.037827 seconds .

========================================================================
Received Prepare
Registering precompiled user dll's ...
Registered in 0.001233 seconds.
Begin MonoManager ReloadAssembly
Native extension for WindowsStandalone target not found
Refreshing native plugins compatible for Editor in 0.60 ms, found 0 plugins.
Preloading 0 native plugins for Editor in 0.00 ms.
Mono: successfully reloaded assembly
- Completed reload, in  0.672 seconds
Platform modules already initialized, skipping
Refreshing native plugins compatible for Editor in 0.53 ms, found 0 plugins.
Preloading 0 native plugins for Editor in 0.00 ms.
Unloading 1668 Unused Serialized files (Serialized files now loaded: 0)
System memory in use before: 152.5 MB.
System memory in use after: 152.6 MB.

Unloading 26 unused Assets to reduce memory usage. Loaded Objects now: 2174.
Total: 2.347700 ms (FindLiveObjects: 0.308500 ms CreateObjectMapping: 0.037100 ms MarkObjects: 1.933200 ms  DeleteObjects: 0.067400 ms)

========================================================================
Received Prepare
Registering precompiled user dll's ...
Registered in 0.001298 seconds.
Begin MonoManager ReloadAssembly
Native extension for WindowsStandalone target not found
Refreshing native plugins compatible for Editor in 0.53 ms, found 0 plugins.
Preloading 0 native plugins for Editor in 0.00 ms.
Mono: successfully reloaded assembly
- Completed reload, in  0.638 seconds
Platform modules already initialized, skipping
Refreshing native plugins compatible for Editor in 0.62 ms, found 0 plugins.
Preloading 0 native plugins for Editor in 0.00 ms.
Unloading 1668 Unused Serialized files (Serialized files now loaded: 0)
System memory in use before: 152.5 MB.
System memory in use after: 152.6 MB.

Unloading 26 unused Assets to reduce memory usage. Loaded Objects now: 2177.
Total: 1.991400 ms (FindLiveObjects: 0.217700 ms CreateObjectMapping: 0.047800 ms MarkObjects: 1.658400 ms  DeleteObjects: 0.066700 ms)

========================================================================
Received Import Request.
  Time since last request: 529.866397 seconds.
  path: Assets/Scripts/PlayerMovement.cs
  artifactKey: Guid(56b2cfb9174a093419d0f8db96a60eda) Importer(815301076,1909f56bfc062723c751e8b465ee728b)
Start importing Assets/Scripts/PlayerMovement.cs using Guid(56b2cfb9174a093419d0f8db96a60eda) Importer(815301076,1909f56bfc062723c751e8b465ee728b)  -> (artifact id: '33f20202ca3a640a3a39d6a0ef0ba68e') in 0.007451 seconds
  Import took 0.011311 seconds .

========================================================================
Received Prepare
Registering precompiled user dll's ...
Registered in 0.001179 seconds.
Begin MonoManager ReloadAssembly
Native extension for WindowsStandalone target not found
Refreshing native plugins compatible for Editor in 0.81 ms, found 0 plugins.
Preloading 0 native plugins for Editor in 0.00 ms.
Mono: successfully reloaded assembly
- Completed reload, in  0.649 seconds
Platform modules already initialized, skipping
Refreshing native plugins compatible for Editor in 0.52 ms, found 0 plugins.
Preloading 0 native plugins for Editor in 0.00 ms.
Unloading 1668 Unused Serialized files (Serialized files now loaded: 0)
System memory in use before: 152.5 MB.
System memory in use after: 152.6 MB.

Unloading 26 unused Assets to reduce memory usage. Loaded Objects now: 2180.
Total: 2.328900 ms (FindLiveObjects: 0.221600 ms CreateObjectMapping: 0.041200 ms MarkObjects: 2.003700 ms  DeleteObjects: 0.061500 ms)

========================================================================
Received Import Request.
  Time since last request: 100.637327 seconds.
  path: Assets/Scripts/PlayerMovement.cs
  artifactKey: Guid(56b2cfb9174a093419d0f8db96a60eda) Importer(815301076,1909f56bfc062723c751e8b465ee728b)
Start importing Assets/Scripts/PlayerMovement.cs using Guid(56b2cfb9174a093419d0f8db96a60eda) Importer(815301076,1909f56bfc062723c751e8b465ee728b)  -> (artifact id: '2ddf6433cfa53a9da98a5f2d7260e8e2') in 0.032011 seconds
  Import took 0.057518 seconds .

========================================================================
Received Import Request.
  Time since last request: 34.669437 seconds.
  path: Assets/Scripts/PlayerMove.cs
  artifactKey: Guid(eb220ec969a27524aa9905806fd54b6d) Importer(815301076,1909f56bfc062723c751e8b465ee728b)
Start importing Assets/Scripts/PlayerMove.cs using Guid(eb220ec969a27524aa9905806fd54b6d) Importer(815301076,1909f56bfc062723c751e8b465ee728b)  -> (artifact id: '88094afe1785036b6e1451f9a7182074') in 0.005284 seconds
  Import took 0.008747 seconds .

========================================================================
Received Import Request.
  Time since last request: 18.872353 seconds.
  path: Assets/Scripts/PlayerMove.cs
  artifactKey: Guid(eb220ec969a27524aa9905806fd54b6d) Importer(815301076,1909f56bfc062723c751e8b465ee728b)
Start importing Assets/Scripts/PlayerMove.cs using Guid(eb220ec969a27524aa9905806fd54b6d) Importer(815301076,1909f56bfc062723c751e8b465ee728b)  -> (artifact id: 'a13cbec21e9c1bd3dffdd946db0686c8') in 0.001693 seconds
  Import took 0.016821 seconds .

========================================================================
Received Prepare
Registering precompiled user dll's ...
Registered in 0.001193 seconds.
Begin MonoManager ReloadAssembly
Native extension for WindowsStandalone target not found
Refreshing native plugins compatible for Editor in 0.53 ms, found 0 plugins.
Preloading 0 native plugins for Editor in 0.00 ms.
Mono: successfully reloaded assembly
- Completed reload, in  0.626 seconds
Platform modules already initialized, skipping
Refreshing native plugins compatible for Editor in 0.50 ms, found 0 plugins.
Preloading 0 native plugins for Editor in 0.00 ms.
Unloading 1668 Unused Serialized files (Serialized files now loaded: 0)
System memory in use before: 152.5 MB.
System memory in use after: 152.6 MB.

Unloading 26 unused Assets to reduce memory usage. Loaded Objects now: 2183.
Total: 1.999400 ms (FindLiveObjects: 0.194900 ms CreateObjectMapping: 0.045500 ms MarkObjects: 1.689100 ms  DeleteObjects: 0.069000 ms)

========================================================================
Received Prepare
Registering precompiled user dll's ...
Registered in 0.001352 seconds.
Begin MonoManager ReloadAssembly
Native extension for WindowsStandalone target not found
Refreshing native plugins compatible for Editor in 0.55 ms, found 0 plugins.
Preloading 0 native plugins for Editor in 0.00 ms.
Mono: successfully reloaded assembly
- Completed reload, in  0.736 seconds
Platform modules already initialized, skipping
Refreshing native plugins compatible for Editor in 0.57 ms, found 0 plugins.
Preloading 0 native plugins for Editor in 0.00 ms.
Unloading 1668 Unused Serialized files (Serialized files now loaded: 0)
System memory in use before: 152.5 MB.
System memory in use after: 152.6 MB.

Unloading 26 unused Assets to reduce memory usage. Loaded Objects now: 2186.
Total: 2.205600 ms (FindLiveObjects: 0.317400 ms CreateObjectMapping: 0.061800 ms MarkObjects: 1.754800 ms  DeleteObjects: 0.070500 ms)

========================================================================
Received Import Request.
  Time since last request: 2445.751410 seconds.
  path: Assets/Scenes/Level1.unity
  artifactKey: Guid(42c5d08d5cee1ff42b206b2578b932b1) Importer(815301076,1909f56bfc062723c751e8b465ee728b)
Start importing Assets/Scenes/Level1.unity using Guid(42c5d08d5cee1ff42b206b2578b932b1) Importer(815301076,1909f56bfc062723c751e8b465ee728b)  -> (artifact id: '4fa9fa1720630fa7d07855399472da66') in 0.014708 seconds
  Import took 0.046982 seconds .

========================================================================
Received Prepare
Registering precompiled user dll's ...
Registered in 0.001094 seconds.
Begin MonoManager ReloadAssembly
Native extension for WindowsStandalone target not found
Refreshing native plugins compatible for Editor in 0.50 ms, found 0 plugins.
Preloading 0 native plugins for Editor in 0.00 ms.
Mono: successfully reloaded assembly
- Completed reload, in  0.622 seconds
Platform modules already initialized, skipping
Refreshing native plugins compatible for Editor in 0.51 ms, found 0 plugins.
Preloading 0 native plugins for Editor in 0.00 ms.
Unloading 1668 Unused Serialized files (Serialized files now loaded: 0)
System memory in use before: 152.5 MB.
System memory in use after: 152.6 MB.

Unloading 26 unused Assets to reduce memory usage. Loaded Objects now: 2189.
Total: 1.767000 ms (FindLiveObjects: 0.221300 ms CreateObjectMapping: 0.038500 ms MarkObjects: 1.447200 ms  DeleteObjects: 0.059100 ms)

========================================================================
Received Prepare
Registering precompiled user dll's ...
Registered in 0.001172 seconds.
Begin MonoManager ReloadAssembly
Native extension for WindowsStandalone target not found
Refreshing native plugins compatible for Editor in 0.54 ms, found 0 plugins.
Preloading 0 native plugins for Editor in 0.00 ms.
Mono: successfully reloaded assembly
- Completed reload, in  0.697 seconds
Platform modules already initialized, skipping
Refreshing native plugins compatible for Editor in 0.53 ms, found 0 plugins.
Preloading 0 native plugins for Editor in 0.00 ms.
Unloading 1668 Unused Serialized files (Serialized files now loaded: 0)
System memory in use before: 152.5 MB.
System memory in use after: 152.6 MB.

Unloading 26 unused Assets to reduce memory usage. Loaded Objects now: 2192.
Total: 2.016900 ms (FindLiveObjects: 0.264100 ms CreateObjectMapping: 0.048500 ms MarkObjects: 1.626900 ms  DeleteObjects: 0.076300 ms)

========================================================================
Received Prepare
Registering precompiled user dll's ...
Registered in 0.001175 seconds.
Begin MonoManager ReloadAssembly
Native extension for WindowsStandalone target not found
Refreshing native plugins compatible for Editor in 0.51 ms, found 0 plugins.
Preloading 0 native plugins for Editor in 0.00 ms.
Mono: successfully reloaded assembly
- Completed reload, in  0.649 seconds
Platform modules already initialized, skipping
Refreshing native plugins compatible for Editor in 0.50 ms, found 0 plugins.
Preloading 0 native plugins for Editor in 0.00 ms.
Unloading 1668 Unused Serialized files (Serialized files now loaded: 0)
System memory in use before: 152.5 MB.
System memory in use after: 152.6 MB.

Unloading 26 unused Assets to reduce memory usage. Loaded Objects now: 2195.
Total: 1.774500 ms (FindLiveObjects: 0.220000 ms CreateObjectMapping: 0.037600 ms MarkObjects: 1.454900 ms  DeleteObjects: 0.061100 ms)

========================================================================
Received Prepare
Registering precompiled user dll's ...
Registered in 0.001333 seconds.
Begin MonoManager ReloadAssembly
Native extension for WindowsStandalone target not found
Refreshing native plugins compatible for Editor in 0.56 ms, found 0 plugins.
Preloading 0 native plugins for Editor in 0.00 ms.
Mono: successfully reloaded assembly
- Completed reload, in  0.645 seconds
Platform modules already initialized, skipping
Refreshing native plugins compatible for Editor in 0.62 ms, found 0 plugins.
Preloading 0 native plugins for Editor in 0.00 ms.
Unloading 1668 Unused Serialized files (Serialized files now loaded: 0)
System memory in use before: 152.5 MB.
System memory in use after: 152.6 MB.

Unloading 26 unused Assets to reduce memory usage. Loaded Objects now: 2198.
Total: 1.849100 ms (FindLiveObjects: 0.258000 ms CreateObjectMapping: 0.036500 ms MarkObjects: 1.487700 ms  DeleteObjects: 0.066300 ms)

========================================================================
Received Prepare
Registering precompiled user dll's ...
Registered in 0.001259 seconds.
Begin MonoManager ReloadAssembly
Native extension for WindowsStandalone target not found
Refreshing native plugins compatible for Editor in 0.56 ms, found 0 plugins.
Preloading 0 native plugins for Editor in 0.00 ms.
Mono: successfully reloaded assembly
- Completed reload, in  0.646 seconds
Platform modules already initialized, skipping
Refreshing native plugins compatible for Editor in 0.59 ms, found 0 plugins.
Preloading 0 native plugins for Editor in 0.00 ms.
Unloading 1668 Unused Serialized files (Serialized files now loaded: 0)
System memory in use before: 152.5 MB.
System memory in use after: 152.6 MB.

Unloading 26 unused Assets to reduce memory usage. Loaded Objects now: 2201.
Total: 1.974800 ms (FindLiveObjects: 0.216000 ms CreateObjectMapping: 0.047300 ms MarkObjects: 1.648000 ms  DeleteObjects: 0.062300 ms)

========================================================================
Received Import Request.
  Time since last request: 760.345258 seconds.
  path: Assets/Empty1024x1024.png
  artifactKey: Guid(ff3d38aaa6981434e86b216f76d3c86d) Importer(815301076,1909f56bfc062723c751e8b465ee728b)
Start importing Assets/Empty1024x1024.png using Guid(ff3d38aaa6981434e86b216f76d3c86d) Importer(815301076,1909f56bfc062723c751e8b465ee728b)  -> (artifact id: '793cca76f0679207477df8584f7b96ba') in 0.342749 seconds
  Import took 0.372292 seconds .

========================================================================
Received Import Request.
  Time since last request: 99.812358 seconds.
  path: Assets/Textures/UI/Won.png
  artifactKey: Guid(623a7345ca6d38f4280b86c32ffe7c15) Importer(815301076,1909f56bfc062723c751e8b465ee728b)
Start importing Assets/Textures/UI/Won.png using Guid(623a7345ca6d38f4280b86c32ffe7c15) Importer(815301076,1909f56bfc062723c751e8b465ee728b)  -> (artifact id: '9097a2ffbbb16f8d2a4c55e4e02807c0') in 0.148497 seconds
  Import took 0.183127 seconds .

========================================================================
Received Prepare
Registering precompiled user dll's ...
Registered in 0.001193 seconds.
Begin MonoManager ReloadAssembly
Native extension for WindowsStandalone target not found
Refreshing native plugins compatible for Editor in 0.52 ms, found 0 plugins.
Preloading 0 native plugins for Editor in 0.00 ms.
Mono: successfully reloaded assembly
- Completed reload, in  0.660 seconds
Platform modules already initialized, skipping
Refreshing native plugins compatible for Editor in 0.55 ms, found 0 plugins.
Preloading 0 native plugins for Editor in 0.00 ms.
Unloading 1669 Unused Serialized files (Serialized files now loaded: 0)
System memory in use before: 152.6 MB.
System memory in use after: 152.7 MB.

Unloading 26 unused Assets to reduce memory usage. Loaded Objects now: 2211.
Total: 2.473500 ms (FindLiveObjects: 0.222200 ms CreateObjectMapping: 0.035200 ms MarkObjects: 2.142500 ms  DeleteObjects: 0.072400 ms)

========================================================================
Received Import Request.
  Time since last request: 67.328704 seconds.
  path: Assets/Scripts/Panel.cs
  artifactKey: Guid(fc29115d1b79f6b4788713f291acefd9) Importer(815301076,1909f56bfc062723c751e8b465ee728b)
Start importing Assets/Scripts/Panel.cs using Guid(fc29115d1b79f6b4788713f291acefd9) Importer(815301076,1909f56bfc062723c751e8b465ee728b)  -> (artifact id: 'c97c9d794da9c852999bb66ab79b7219') in 0.008974 seconds
  Import took 0.021683 seconds .

========================================================================
Received Prepare
Registering precompiled user dll's ...
Registered in 0.001158 seconds.
Begin MonoManager ReloadAssembly
Native extension for WindowsStandalone target not found
Refreshing native plugins compatible for Editor in 0.55 ms, found 0 plugins.
Preloading 0 native plugins for Editor in 0.00 ms.
Mono: successfully reloaded assembly
- Completed reload, in  0.653 seconds
Platform modules already initialized, skipping
Refreshing native plugins compatible for Editor in 0.50 ms, found 0 plugins.
Preloading 0 native plugins for Editor in 0.00 ms.
Unloading 1669 Unused Serialized files (Serialized files now loaded: 0)
System memory in use before: 152.6 MB.
System memory in use after: 152.7 MB.

Unloading 26 unused Assets to reduce memory usage. Loaded Objects now: 2214.
Total: 1.917500 ms (FindLiveObjects: 0.250800 ms CreateObjectMapping: 0.046500 ms MarkObjects: 1.551400 ms  DeleteObjects: 0.067100 ms)

========================================================================
Received Import Request.
  Time since last request: 142.301984 seconds.
  path: ProjectSettings/TagManager.asset
  artifactKey: Guid(00000000000000003000000000000000) Importer(815301076,1909f56bfc062723c751e8b465ee728b)
Start importing ProjectSettings/TagManager.asset using Guid(00000000000000003000000000000000) Importer(815301076,1909f56bfc062723c751e8b465ee728b)  -> (artifact id: 'cbf8fba1c150413f6abd1e5448d81e7b') in 0.017479 seconds
  Import took 0.038472 seconds .

========================================================================
Received Prepare
Registering precompiled user dll's ...
Registered in 0.001121 seconds.
Begin MonoManager ReloadAssembly
Native extension for WindowsStandalone target not found
Refreshing native plugins compatible for Editor in 0.51 ms, found 0 plugins.
Preloading 0 native plugins for Editor in 0.00 ms.
Mono: successfully reloaded assembly
- Completed reload, in  0.627 seconds
Platform modules already initialized, skipping
Refreshing native plugins compatible for Editor in 0.51 ms, found 0 plugins.
Preloading 0 native plugins for Editor in 0.00 ms.
Unloading 1669 Unused Serialized files (Serialized files now loaded: 0)
System memory in use before: 152.6 MB.
System memory in use after: 152.7 MB.

Unloading 27 unused Assets to reduce memory usage. Loaded Objects now: 2217.
Total: 1.787500 ms (FindLiveObjects: 0.192200 ms CreateObjectMapping: 0.038300 ms MarkObjects: 1.495000 ms  DeleteObjects: 0.061200 ms)

========================================================================
Received Prepare
Registering precompiled user dll's ...
Registered in 0.001282 seconds.
Begin MonoManager ReloadAssembly
Native extension for WindowsStandalone target not found
Refreshing native plugins compatible for Editor in 0.62 ms, found 0 plugins.
Preloading 0 native plugins for Editor in 0.00 ms.
Mono: successfully reloaded assembly
- Completed reload, in  0.651 seconds
Platform modules already initialized, skipping
Refreshing native plugins compatible for Editor in 0.52 ms, found 0 plugins.
Preloading 0 native plugins for Editor in 0.00 ms.
Unloading 1669 Unused Serialized files (Serialized files now loaded: 0)
System memory in use before: 152.6 MB.
System memory in use after: 152.7 MB.

Unloading 26 unused Assets to reduce memory usage. Loaded Objects now: 2220.
Total: 2.204300 ms (FindLiveObjects: 0.227000 ms CreateObjectMapping: 0.045900 ms MarkObjects: 1.847000 ms  DeleteObjects: 0.082700 ms)

========================================================================
Received Import Request.
  Time since last request: 2831.657859 seconds.
  path: Assets/Scripts/Observer.cs
  artifactKey: Guid(3ffcb4bd792607f4f8200beaa0babb83) Importer(815301076,1909f56bfc062723c751e8b465ee728b)
Start importing Assets/Scripts/Observer.cs using Guid(3ffcb4bd792607f4f8200beaa0babb83) Importer(815301076,1909f56bfc062723c751e8b465ee728b)  -> (artifact id: '1675fb26bcb79f8a98776cbf593e4a3d') in 0.044693 seconds
  Import took 0.048770 seconds .

========================================================================
Received Import Request.
  Time since last request: 2.202121 seconds.
  path: Assets/Scenes/Menu.unity
  artifactKey: Guid(c1b9e6f2deeb6bc4da2edacf6a538c1b) Importer(815301076,1909f56bfc062723c751e8b465ee728b)
Start importing Assets/Scenes/Menu.unity using Guid(c1b9e6f2deeb6bc4da2edacf6a538c1b) Importer(815301076,1909f56bfc062723c751e8b465ee728b)  -> (artifact id: '93f2cb4cd42219ba6694cb0d1b0f29b3') in 0.010103 seconds
  Import took 0.253009 seconds .

========================================================================
Received Import Request.
  Time since last request: 674.426113 seconds.
  path: Assets
  artifactKey: Guid(00000000000000001000000000000000) Importer(815301076,1909f56bfc062723c751e8b465ee728b)
Start importing Assets using Guid(00000000000000001000000000000000) Importer(815301076,1909f56bfc062723c751e8b465ee728b)  -> (artifact id: '025e4f587c23674256bb898581e82961') in 0.005832 seconds
  Import took 0.038024 seconds .

========================================================================
Received Import Request.
  Time since last request: 5.261153 seconds.
  path: Assets/NewAudioMixer.mixer
  artifactKey: Guid(5c2493ddc65086748a74e89ce351b9fb) Importer(815301076,1909f56bfc062723c751e8b465ee728b)
Start importing Assets/NewAudioMixer.mixer using Guid(5c2493ddc65086748a74e89ce351b9fb) Importer(815301076,1909f56bfc062723c751e8b465ee728b)  -> (artifact id: '0d4f9f6e6606cc6f02b98e36edb5ecea') in 0.019687 seconds
  Import took 0.044531 seconds .

========================================================================
Received Import Request.
  Time since last request: 7.566550 seconds.
  path: Assets/Main.mixer
  artifactKey: Guid(5c2493ddc65086748a74e89ce351b9fb) Importer(815301076,1909f56bfc062723c751e8b465ee728b)
Start importing Assets/Main.mixer using Guid(5c2493ddc65086748a74e89ce351b9fb) Importer(815301076,1909f56bfc062723c751e8b465ee728b)  -> (artifact id: 'a8c6534b4e77a2e4f2d1f54f93ef4442') in 0.007037 seconds
  Import took 0.030885 seconds .

========================================================================
Received Prepare
Registering precompiled user dll's ...
Registered in 0.001479 seconds.
Begin MonoManager ReloadAssembly
Native extension for WindowsStandalone target not found
Refreshing native plugins compatible for Editor in 0.50 ms, found 0 plugins.
Preloading 0 native plugins for Editor in 0.00 ms.
Mono: successfully reloaded assembly
- Completed reload, in  0.642 seconds
Platform modules already initialized, skipping
Refreshing native plugins compatible for Editor in 0.50 ms, found 0 plugins.
Preloading 0 native plugins for Editor in 0.00 ms.
Unloading 1669 Unused Serialized files (Serialized files now loaded: 0)
System memory in use before: 152.6 MB.
System memory in use after: 152.7 MB.

Unloading 26 unused Assets to reduce memory usage. Loaded Objects now: 2223.
Total: 1.859500 ms (FindLiveObjects: 0.221300 ms CreateObjectMapping: 0.045500 ms MarkObjects: 1.538700 ms  DeleteObjects: 0.053200 ms)

========================================================================
Received Import Request.
  Time since last request: 646.646174 seconds.
  path: Assets/Main.mixer
  artifactKey: Guid(5c2493ddc65086748a74e89ce351b9fb) Importer(815301076,1909f56bfc062723c751e8b465ee728b)
Start importing Assets/Main.mixer using Guid(5c2493ddc65086748a74e89ce351b9fb) Importer(815301076,1909f56bfc062723c751e8b465ee728b)  -> (artifact id: '8eb179925dc865810748c287208c55da') in 0.036694 seconds
  Import took 0.040329 seconds .

========================================================================
Received Import Request.
  Time since last request: 253.428540 seconds.
  path: Assets/Scenes/Level1.unity
  artifactKey: Guid(42c5d08d5cee1ff42b206b2578b932b1) Importer(815301076,1909f56bfc062723c751e8b465ee728b)
Start importing Assets/Scenes/Level1.unity using Guid(42c5d08d5cee1ff42b206b2578b932b1) Importer(815301076,1909f56bfc062723c751e8b465ee728b)  -> (artifact id: '1ecef7f93523fb52aa8eaf684fcbd1fc') in 0.002100 seconds
  Import took 0.036451 seconds .

========================================================================
Received Import Request.
  Time since last request: 460.947786 seconds.
  path: Assets/Prefabs
  artifactKey: Guid(9b0f9186b9caf554f82133b3d58436ef) Importer(815301076,1909f56bfc062723c751e8b465ee728b)
Start importing Assets/Prefabs using Guid(9b0f9186b9caf554f82133b3d58436ef) Importer(815301076,1909f56bfc062723c751e8b465ee728b)  -> (artifact id: 'f63727ec597daf82b7d62b5a5d6ca364') in 0.006482 seconds
  Import took 0.021414 seconds .

========================================================================
Received Import Request.
  Time since last request: 6.836366 seconds.
  path: Assets/Prefabs/Particles
  artifactKey: Guid(4c634c6a51b33dd45a709e4d639d8553) Importer(815301076,1909f56bfc062723c751e8b465ee728b)
Start importing Assets/Prefabs/Particles using Guid(4c634c6a51b33dd45a709e4d639d8553) Importer(815301076,1909f56bfc062723c751e8b465ee728b)  -> (artifact id: '4eb6f2faf66b8a856cc05f9c95fd9e08') in 0.005619 seconds
  Import took 0.008625 seconds .

========================================================================
Received Import Request.
  Time since last request: 0.000282 seconds.
  path: Assets/Prefabs/Particles
  artifactKey: Guid(4c634c6a51b33dd45a709e4d639d8553) Importer(815301076,1909f56bfc062723c751e8b465ee728b)
Start importing Assets/Prefabs/Particles using Guid(4c634c6a51b33dd45a709e4d639d8553) Importer(815301076,1909f56bfc062723c751e8b465ee728b)  -> (artifact id: '4eb6f2faf66b8a856cc05f9c95fd9e08') in 0.001621 seconds
  Import took 0.003705 seconds .

========================================================================
Received Import Request.
  Time since last request: 2.615406 seconds.
  path: Assets/Prefabs/Particles/Explosion.prefab
  artifactKey: Guid(f5143e3727da6974cb801fdb6eb855ae) Importer(815301076,1909f56bfc062723c751e8b465ee728b)
Start importing Assets/Prefabs/Particles/Explosion.prefab using Guid(f5143e3727da6974cb801fdb6eb855ae) Importer(815301076,1909f56bfc062723c751e8b465ee728b)  -> (artifact id: 'dccfb9409fd135d52ce234982fb353b0') in 0.019725 seconds
  Import took 0.049563 seconds .

========================================================================
Received Prepare
Registering precompiled user dll's ...
Registered in 0.001684 seconds.
Begin MonoManager ReloadAssembly
Native extension for WindowsStandalone target not found
Refreshing native plugins compatible for Editor in 0.53 ms, found 0 plugins.
Preloading 0 native plugins for Editor in 0.00 ms.
Mono: successfully reloaded assembly
- Completed reload, in  0.647 seconds
Platform modules already initialized, skipping
Refreshing native plugins compatible for Editor in 0.51 ms, found 0 plugins.
Preloading 0 native plugins for Editor in 0.00 ms.
Unloading 1669 Unused Serialized files (Serialized files now loaded: 0)
System memory in use before: 152.6 MB.
System memory in use after: 152.7 MB.

Unloading 26 unused Assets to reduce memory usage. Loaded Objects now: 2226.
Total: 1.876300 ms (FindLiveObjects: 0.243300 ms CreateObjectMapping: 0.038200 ms MarkObjects: 1.514700 ms  DeleteObjects: 0.079100 ms)

========================================================================
Received Import Request.
  Time since last request: 78.634434 seconds.
  path: Assets/Prefabs/Level_1/Dynamite.prefab
  artifactKey: Guid(a3bc4803cb3f2b24dbedaf5fa1a44f02) Importer(815301076,1909f56bfc062723c751e8b465ee728b)
Start importing Assets/Prefabs/Level_1/Dynamite.prefab using Guid(a3bc4803cb3f2b24dbedaf5fa1a44f02) Importer(815301076,1909f56bfc062723c751e8b465ee728b)  -> (artifact id: '499919e04a5fac299f65b2e2fcc65c95') in 0.119204 seconds
  Import took 0.141851 seconds .

========================================================================
Received Import Request.
  Time since last request: 19.029762 seconds.
  path: Assets/Prefabs/Level_1/Dynamite.prefab
  artifactKey: Guid(a3bc4803cb3f2b24dbedaf5fa1a44f02) Importer(815301076,1909f56bfc062723c751e8b465ee728b)
Start importing Assets/Prefabs/Level_1/Dynamite.prefab using Guid(a3bc4803cb3f2b24dbedaf5fa1a44f02) Importer(815301076,1909f56bfc062723c751e8b465ee728b)  -> (artifact id: 'ebf3d7cf1ce8b651498c33b0404aba0a') in 0.020967 seconds
  Import took 0.047547 seconds .

========================================================================
Received Prepare
Registering precompiled user dll's ...
Registered in 0.001186 seconds.
Begin MonoManager ReloadAssembly
Native extension for WindowsStandalone target not found
Refreshing native plugins compatible for Editor in 0.51 ms, found 0 plugins.
Preloading 0 native plugins for Editor in 0.00 ms.
Mono: successfully reloaded assembly
- Completed reload, in  0.609 seconds
Platform modules already initialized, skipping
Refreshing native plugins compatible for Editor in 0.56 ms, found 0 plugins.
Preloading 0 native plugins for Editor in 0.00 ms.
Unloading 1669 Unused Serialized files (Serialized files now loaded: 0)
System memory in use before: 152.8 MB.
System memory in use after: 152.8 MB.

Unloading 26 unused Assets to reduce memory usage. Loaded Objects now: 2236.
Total: 1.790000 ms (FindLiveObjects: 0.213400 ms CreateObjectMapping: 0.043000 ms MarkObjects: 1.484400 ms  DeleteObjects: 0.048500 ms)

========================================================================
Received Import Request.
  Time since last request: 25.064585 seconds.
  path: Assets/Prefabs/Particles/Explosion.prefab
  artifactKey: Guid(f5143e3727da6974cb801fdb6eb855ae) Importer(815301076,1909f56bfc062723c751e8b465ee728b)
Start importing Assets/Prefabs/Particles/Explosion.prefab using Guid(f5143e3727da6974cb801fdb6eb855ae) Importer(815301076,1909f56bfc062723c751e8b465ee728b)  -> (artifact id: '5ef53296d434e8901d45cf6dd84b9e45') in 0.022156 seconds
  Import took 0.024904 seconds .

========================================================================
Received Import Request.
  Time since last request: 1.903621 seconds.
  path: Assets/Prefabs/Particles/Explosion.prefab
  artifactKey: Guid(f5143e3727da6974cb801fdb6eb855ae) Importer(815301076,1909f56bfc062723c751e8b465ee728b)
Start importing Assets/Prefabs/Particles/Explosion.prefab using Guid(f5143e3727da6974cb801fdb6eb855ae) Importer(815301076,1909f56bfc062723c751e8b465ee728b)  -> (artifact id: 'e8c7090770a09c209421472e56794a1a') in 0.003265 seconds
  Import took 0.032539 seconds .

========================================================================
Received Import Request.
  Time since last request: 0.793493 seconds.
  path: Assets/Prefabs/Particles/Explosion.prefab
  artifactKey: Guid(f5143e3727da6974cb801fdb6eb855ae) Importer(815301076,1909f56bfc062723c751e8b465ee728b)
Start importing Assets/Prefabs/Particles/Explosion.prefab using Guid(f5143e3727da6974cb801fdb6eb855ae) Importer(815301076,1909f56bfc062723c751e8b465ee728b)  -> (artifact id: '18a728637d4952b675ef8cc6f57a9ac0') in 0.003397 seconds
  Import took 0.006301 seconds .

========================================================================
Received Import Request.
  Time since last request: 1.342094 seconds.
  path: Assets/Prefabs/Particles/Explosion.prefab
  artifactKey: Guid(f5143e3727da6974cb801fdb6eb855ae) Importer(815301076,1909f56bfc062723c751e8b465ee728b)
Start importing Assets/Prefabs/Particles/Explosion.prefab using Guid(f5143e3727da6974cb801fdb6eb855ae) Importer(815301076,1909f56bfc062723c751e8b465ee728b)  -> (artifact id: 'd9b3cba63a6c93536511628d959c6c39') in 0.003553 seconds
  Import took 0.008120 seconds .

========================================================================
Received Prepare
Registering precompiled user dll's ...
Registered in 0.001314 seconds.
Begin MonoManager ReloadAssembly
Native extension for WindowsStandalone target not found
Refreshing native plugins compatible for Editor in 0.66 ms, found 0 plugins.
Preloading 0 native plugins for Editor in 0.00 ms.
Mono: successfully reloaded assembly
- Completed reload, in  0.612 seconds
Platform modules already initialized, skipping
Refreshing native plugins compatible for Editor in 0.54 ms, found 0 plugins.
Preloading 0 native plugins for Editor in 0.00 ms.
Unloading 1669 Unused Serialized files (Serialized files now loaded: 0)
System memory in use before: 152.8 MB.
System memory in use after: 152.9 MB.

Unloading 26 unused Assets to reduce memory usage. Loaded Objects now: 2239.
Total: 1.807700 ms (FindLiveObjects: 0.204000 ms CreateObjectMapping: 0.039300 ms MarkObjects: 1.507900 ms  DeleteObjects: 0.055600 ms)

AssetImportWorkerClient::OnTransportError - code=2 error=End of file
